<?xml version="1.0" encoding="UTF-8"?>
<!-- Generated by org.testng.reporters.JUnitXMLReporter -->
<testsuite hostname="LAPTOP-TTGSPF2T" ignored="0" name="BBC_Sounds" tests="1" failures="1" timestamp="23 Dec 2021 14:26:47 GMT" time="41.966" errors="0">
  <testcase name="feature" time="41.661" classname="cucumber.api.testng.AbstractTestNGCucumberTests">
    <failure type="cucumber.runtime.CucumberException" message="java.lang.AssertionError: expected [rgba(168, 60, 18, 1)] but found [rgba(146, 54, 19, 1)]">
      <![CDATA[cucumber.runtime.CucumberException: java.lang.AssertionError: expected [rgba(168, 60, 18, 1)] but found [rgba(146, 54, 19, 1)]
	at cucumber.api.testng.TestNGCucumberRunner.runCucumber(TestNGCucumberRunner.java:69)
	at cucumber.api.testng.AbstractTestNGCucumberTests.feature(AbstractTestNGCucumberTests.java:21)
Caused by: java.lang.AssertionError: expected [rgba(168, 60, 18, 1)] but found [rgba(146, 54, 19, 1)]
	at pages.StationsPageMethods.mouseHoverOnRadioNetworkLogosAndValidateOrangeLine(StationsPageMethods.java:59)
	at stepdefinition.StepDefinition.validate_Orange_color_line_under_radio_stations_logo(StepDefinition.java:105)
	at âœ½.Then Validate Orange color line under radio stations logo(bbcsoundsfeature.feature:47)
... Removed 31 stack frames]]>
    </failure>
  </testcase> <!-- feature -->
</testsuite> <!-- BBC_Sounds -->
